  random.cpp
C:\Users\Usuario\Documents\GitHub\Random_map_generation\Exercices\Random map generation unsolved\Random map generation unsolved\random.cpp(20,47): error C2061: error de sintaxis: identificador 'Tile'
C:\Users\Usuario\Documents\GitHub\Random_map_generation\Exercices\Random map generation unsolved\Random map generation unsolved\random.cpp(24,34): error C2061: error de sintaxis: identificador 'Tile'
C:\Users\Usuario\Documents\GitHub\Random_map_generation\Exercices\Random map generation unsolved\Random map generation unsolved\random.cpp(32,14): error C3646: 'GetCell': especificador de invalidación desconocido
C:\Users\Usuario\Documents\GitHub\Random_map_generation\Exercices\Random map generation unsolved\Random map generation unsolved\random.cpp(32,14): error C2059: error de sintaxis: '('
C:\Users\Usuario\Documents\GitHub\Random_map_generation\Exercices\Random map generation unsolved\Random map generation unsolved\random.cpp(33,2): error C2334: símbolos (token) inesperados delante de '{'; se pasará por alto el cuerpo de función aparente
C:\Users\Usuario\Documents\GitHub\Random_map_generation\Exercices\Random map generation unsolved\Random map generation unsolved\random.cpp(40,65): error C2061: error de sintaxis: identificador 'Tile'
C:\Users\Usuario\Documents\GitHub\Random_map_generation\Exercices\Random map generation unsolved\Random map generation unsolved\random.cpp(82,37): error C2061: error de sintaxis: identificador 'Tile'
C:\Users\Usuario\Documents\GitHub\Random_map_generation\Exercices\Random map generation unsolved\Random map generation unsolved\random.cpp(136,14): error C2065: 'Tile': identificador no declarado
C:\Users\Usuario\Documents\GitHub\Random_map_generation\Exercices\Random map generation unsolved\Random map generation unsolved\random.cpp(136,7): error C2923: 'std::vector': 'Tile' no es un argumento de tipo de plantilla válido para el parámetro '_Ty'
C:\Users\Usuario\Documents\GitHub\Random_map_generation\Exercices\Random map generation unsolved\Random map generation unsolved\random.cpp(22,14): error C2065: 'value': identificador no declarado
C:\Users\Usuario\Documents\GitHub\Random_map_generation\Exercices\Random map generation unsolved\Random map generation unsolved\random.cpp(29,1): error C2678: '[' binario: no se encontró un operador que adopte un operando en la parte izquierda de tipo 'std::vector' (o bien no existe una conversión aceptable)
C:\Program Files (x86)\Microsoft Visual Studio\2019\Community\VC\Tools\MSVC\14.25.28610\include\vector(1507,27): message : puede ser 'const _Ty &std::vector<_Ty,_Alloc>::operator [](const allocator_traits<allocator_traits<_Alloc>::rebind_alloc<_Ty>>::size_type) noexcept const'
C:\Program Files (x86)\Microsoft Visual Studio\2019\Community\VC\Tools\MSVC\14.25.28610\include\vector(1497,21): message : o       '_Ty &std::vector<_Ty,_Alloc>::operator [](const allocator_traits<allocator_traits<_Alloc>::rebind_alloc<_Ty>>::size_type) noexcept'
C:\Users\Usuario\Documents\GitHub\Random_map_generation\Exercices\Random map generation unsolved\Random map generation unsolved\random.cpp(29,1): message : al hacer coincidir la lista de argumentos '(std::vector, int)'
C:\Users\Usuario\Documents\GitHub\Random_map_generation\Exercices\Random map generation unsolved\Random map generation unsolved\random.cpp(29,25): error C2065: 'celltype': identificador no declarado
C:\Users\Usuario\Documents\GitHub\Random_map_generation\Exercices\Random map generation unsolved\Random map generation unsolved\random.cpp(50,19): error C2065: 'cellType': identificador no declarado
C:\Users\Usuario\Documents\GitHub\Random_map_generation\Exercices\Random map generation unsolved\Random map generation unsolved\random.cpp(76,9): error C3861: 'GetCell': no se encontró el identificador
C:\Users\Usuario\Documents\GitHub\Random_map_generation\Exercices\Random map generation unsolved\Random map generation unsolved\random.cpp(76,1): error C2653: 'Tile': no es un nombre de clase o espacio de nombres
C:\Users\Usuario\Documents\GitHub\Random_map_generation\Exercices\Random map generation unsolved\Random map generation unsolved\random.cpp(76,32): error C2065: 'Unused': identificador no declarado
C:\Users\Usuario\Documents\GitHub\Random_map_generation\Exercices\Random map generation unsolved\Random map generation unsolved\random.cpp(88,4): error C3861: 'GetCell': no se encontró el identificador
C:\Users\Usuario\Documents\GitHub\Random_map_generation\Exercices\Random map generation unsolved\Random map generation unsolved\random.cpp(88,25): error C2065: 'tile': identificador no declarado
C:\Users\Usuario\Documents\GitHub\Random_map_generation\Exercices\Random map generation unsolved\Random map generation unsolved\random.cpp(88,33): error C3861: 'GetCell': no se encontró el identificador
C:\Users\Usuario\Documents\GitHub\Random_map_generation\Exercices\Random map generation unsolved\Random map generation unsolved\random.cpp(88,54): error C2065: 'tile': identificador no declarado
C:\Users\Usuario\Documents\GitHub\Random_map_generation\Exercices\Random map generation unsolved\Random map generation unsolved\random.cpp(89,4): error C3861: 'GetCell': no se encontró el identificador
C:\Users\Usuario\Documents\GitHub\Random_map_generation\Exercices\Random map generation unsolved\Random map generation unsolved\random.cpp(89,25): error C2065: 'tile': identificador no declarado
C:\Users\Usuario\Documents\GitHub\Random_map_generation\Exercices\Random map generation unsolved\Random map generation unsolved\random.cpp(89,33): error C3861: 'GetCell': no se encontró el identificador
C:\Users\Usuario\Documents\GitHub\Random_map_generation\Exercices\Random map generation unsolved\Random map generation unsolved\random.cpp(89,54): error C2065: 'tile': identificador no declarado
C:\Users\Usuario\Documents\GitHub\Random_map_generation\Exercices\Random map generation unsolved\Random map generation unsolved\random.cpp(100,13): error C3861: 'GetCell': no se encontró el identificador
C:\Users\Usuario\Documents\GitHub\Random_map_generation\Exercices\Random map generation unsolved\Random map generation unsolved\random.cpp(101,1): error C2050: la expresión switch no es de tipo integral
C:\Users\Usuario\Documents\GitHub\Random_map_generation\Exercices\Random map generation unsolved\Random map generation unsolved\random.cpp(102,1): error C2653: 'Tile': no es un nombre de clase o espacio de nombres
C:\Users\Usuario\Documents\GitHub\Random_map_generation\Exercices\Random map generation unsolved\Random map generation unsolved\random.cpp(102,16): error C2065: 'Unused': identificador no declarado
C:\Users\Usuario\Documents\GitHub\Random_map_generation\Exercices\Random map generation unsolved\Random map generation unsolved\random.cpp(102,16): error C2131: la expresión no se evaluó como una constante
C:\Users\Usuario\Documents\GitHub\Random_map_generation\Exercices\Random map generation unsolved\Random map generation unsolved\random.cpp(102,16): message : se encontró una (sub)expresión no constante
C:\Users\Usuario\Documents\GitHub\Random_map_generation\Exercices\Random map generation unsolved\Random map generation unsolved\random.cpp(105,1): error C2653: 'Tile': no es un nombre de clase o espacio de nombres
C:\Users\Usuario\Documents\GitHub\Random_map_generation\Exercices\Random map generation unsolved\Random map generation unsolved\random.cpp(105,16): error C2065: 'DirtWall': identificador no declarado
C:\Users\Usuario\Documents\GitHub\Random_map_generation\Exercices\Random map generation unsolved\Random map generation unsolved\random.cpp(105,16): error C2131: la expresión no se evaluó como una constante
C:\Users\Usuario\Documents\GitHub\Random_map_generation\Exercices\Random map generation unsolved\Random map generation unsolved\random.cpp(105,16): message : se encontró una (sub)expresión no constante
C:\Users\Usuario\Documents\GitHub\Random_map_generation\Exercices\Random map generation unsolved\Random map generation unsolved\random.cpp(108,1): error C2653: 'Tile': no es un nombre de clase o espacio de nombres
C:\Users\Usuario\Documents\GitHub\Random_map_generation\Exercices\Random map generation unsolved\Random map generation unsolved\random.cpp(108,16): error C2065: 'DirtFloor': identificador no declarado
C:\Users\Usuario\Documents\GitHub\Random_map_generation\Exercices\Random map generation unsolved\Random map generation unsolved\random.cpp(108,16): error C2131: la expresión no se evaluó como una constante
C:\Users\Usuario\Documents\GitHub\Random_map_generation\Exercices\Random map generation unsolved\Random map generation unsolved\random.cpp(108,16): message : se encontró una (sub)expresión no constante
C:\Users\Usuario\Documents\GitHub\Random_map_generation\Exercices\Random map generation unsolved\Random map generation unsolved\random.cpp(111,1): error C2653: 'Tile': no es un nombre de clase o espacio de nombres
C:\Users\Usuario\Documents\GitHub\Random_map_generation\Exercices\Random map generation unsolved\Random map generation unsolved\random.cpp(111,16): error C2065: 'Corridor': identificador no declarado
C:\Users\Usuario\Documents\GitHub\Random_map_generation\Exercices\Random map generation unsolved\Random map generation unsolved\random.cpp(111,16): error C2131: la expresión no se evaluó como una constante
C:\Users\Usuario\Documents\GitHub\Random_map_generation\Exercices\Random map generation unsolved\Random map generation unsolved\random.cpp(111,16): message : se encontró una (sub)expresión no constante
C:\Users\Usuario\Documents\GitHub\Random_map_generation\Exercices\Random map generation unsolved\Random map generation unsolved\random.cpp(114,1): error C2653: 'Tile': no es un nombre de clase o espacio de nombres
C:\Users\Usuario\Documents\GitHub\Random_map_generation\Exercices\Random map generation unsolved\Random map generation unsolved\random.cpp(114,16): error C2065: 'Door': identificador no declarado
C:\Users\Usuario\Documents\GitHub\Random_map_generation\Exercices\Random map generation unsolved\Random map generation unsolved\random.cpp(114,16): error C2131: la expresión no se evaluó como una constante
C:\Users\Usuario\Documents\GitHub\Random_map_generation\Exercices\Random map generation unsolved\Random map generation unsolved\random.cpp(114,16): message : se encontró una (sub)expresión no constante
C:\Users\Usuario\Documents\GitHub\Random_map_generation\Exercices\Random map generation unsolved\Random map generation unsolved\random.cpp(117,1): error C2653: 'Tile': no es un nombre de clase o espacio de nombres
C:\Users\Usuario\Documents\GitHub\Random_map_generation\Exercices\Random map generation unsolved\Random map generation unsolved\random.cpp(117,16): error C2065: 'UpStairs': identificador no declarado
C:\Users\Usuario\Documents\GitHub\Random_map_generation\Exercices\Random map generation unsolved\Random map generation unsolved\random.cpp(117,16): error C2131: la expresión no se evaluó como una constante
C:\Users\Usuario\Documents\GitHub\Random_map_generation\Exercices\Random map generation unsolved\Random map generation unsolved\random.cpp(117,16): message : se encontró una (sub)expresión no constante
C:\Users\Usuario\Documents\GitHub\Random_map_generation\Exercices\Random map generation unsolved\Random map generation unsolved\random.cpp(120,1): error C2653: 'Tile': no es un nombre de clase o espacio de nombres
C:\Users\Usuario\Documents\GitHub\Random_map_generation\Exercices\Random map generation unsolved\Random map generation unsolved\random.cpp(120,16): error C2065: 'DownStairs': identificador no declarado
C:\Users\Usuario\Documents\GitHub\Random_map_generation\Exercices\Random map generation unsolved\Random map generation unsolved\random.cpp(120,16): error C2131: la expresión no se evaluó como una constante
C:\Users\Usuario\Documents\GitHub\Random_map_generation\Exercices\Random map generation unsolved\Random map generation unsolved\random.cpp(120,16): message : se encontró una (sub)expresión no constante
C:\Users\Usuario\Documents\GitHub\Random_map_generation\Exercices\Random map generation unsolved\Random map generation unsolved\random.cpp(102,1): error C2051: la expresión case no es una constante
C:\Users\Usuario\Documents\GitHub\Random_map_generation\Exercices\Random map generation unsolved\Random map generation unsolved\random.cpp(105,1): error C2051: la expresión case no es una constante
C:\Users\Usuario\Documents\GitHub\Random_map_generation\Exercices\Random map generation unsolved\Random map generation unsolved\random.cpp(108,1): error C2051: la expresión case no es una constante
C:\Users\Usuario\Documents\GitHub\Random_map_generation\Exercices\Random map generation unsolved\Random map generation unsolved\random.cpp(111,1): error C2051: la expresión case no es una constante
C:\Users\Usuario\Documents\GitHub\Random_map_generation\Exercices\Random map generation unsolved\Random map generation unsolved\random.cpp(114,1): error C2051: la expresión case no es una constante
C:\Users\Usuario\Documents\GitHub\Random_map_generation\Exercices\Random map generation unsolved\Random map generation unsolved\random.cpp(117,1): error C2051: la expresión case no es una constante
C:\Users\Usuario\Documents\GitHub\Random_map_generation\Exercices\Random map generation unsolved\Random map generation unsolved\random.cpp(120,1): error C2051: la expresión case no es una constante
C:\Users\Usuario\Documents\GitHub\Random_map_generation\Exercices\Random map generation unsolved\Random map generation unsolved\random.cpp(123,1): warning C4060: la instrucción switch no contiene etiquetas 'case' ni 'default'
C:\Users\Usuario\Documents\GitHub\Random_map_generation\Exercices\Random map generation unsolved\Random map generation unsolved\random.cpp(182,30): error C3646: 'GetRandomDirection': especificador de invalidación desconocido
C:\Users\Usuario\Documents\GitHub\Random_map_generation\Exercices\Random map generation unsolved\Random map generation unsolved\random.cpp(182,30): error C2059: error de sintaxis: '('
C:\Users\Usuario\Documents\GitHub\Random_map_generation\Exercices\Random map generation unsolved\Random map generation unsolved\random.cpp(183,2): error C2334: símbolos (token) inesperados delante de '{'; se pasará por alto el cuerpo de función aparente
C:\Users\Usuario\Documents\GitHub\Random_map_generation\Exercices\Random map generation unsolved\Random map generation unsolved\random.cpp(187,80): error C2061: error de sintaxis: identificador 'Direction'
C:\Users\Usuario\Documents\GitHub\Random_map_generation\Exercices\Random map generation unsolved\Random map generation unsolved\random.cpp(224,93): error C2061: error de sintaxis: identificador 'Direction'
C:\Users\Usuario\Documents\GitHub\Random_map_generation\Exercices\Random map generation unsolved\Random map generation unsolved\random.cpp(274,84): error C2061: error de sintaxis: identificador 'Direction'
C:\Users\Usuario\Documents\GitHub\Random_map_generation\Exercices\Random map generation unsolved\Random map generation unsolved\random.cpp(353,44): error C2061: error de sintaxis: identificador 'Tile'
C:\Users\Usuario\Documents\GitHub\Random_map_generation\Exercices\Random map generation unsolved\Random map generation unsolved\random.cpp(165,1): error C2653: 'Tile': no es un nombre de clase o espacio de nombres
C:\Users\Usuario\Documents\GitHub\Random_map_generation\Exercices\Random map generation unsolved\Random map generation unsolved\random.cpp(165,38): error C2065: 'Unused': identificador no declarado
C:\Users\Usuario\Documents\GitHub\Random_map_generation\Exercices\Random map generation unsolved\Random map generation unsolved\random.cpp(167,1): error C3536: 'map': no se puede usar antes de inicializarse
C:\Users\Usuario\Documents\GitHub\Random_map_generation\Exercices\Random map generation unsolved\Random map generation unsolved\random.cpp(167,1): error C2664: 'bool DungeonGenerator::MakeDungeon(Map &,DungeonGenerator::RngT &) const': el argumento 1 no puede convertirse de 'int' a 'Map &'
C:\Users\Usuario\Documents\GitHub\Random_map_generation\Exercices\Random map generation unsolved\Random map generation unsolved\random.cpp(377,7): message : vea la declaración de 'DungeonGenerator::MakeDungeon'
C:\Users\Usuario\Documents\GitHub\Random_map_generation\Exercices\Random map generation unsolved\Random map generation unsolved\random.cpp(169,1): error C2440: 'return': no se puede realizar la conversión de 'int' a 'Map'
C:\Users\Usuario\Documents\GitHub\Random_map_generation\Exercices\Random map generation unsolved\Random map generation unsolved\random.cpp(169,1): message : Ningún constructor ha podido aceptar el tipo de origen o bien la resolución de sobrecarga del constructor era ambigua
C:\Users\Usuario\Documents\GitHub\Random_map_generation\Exercices\Random map generation unsolved\Random map generation unsolved\random.cpp(202,7): error C2065: 'direction': identificador no declarado
C:\Users\Usuario\Documents\GitHub\Random_map_generation\Exercices\Random map generation unsolved\Random map generation unsolved\random.cpp(202,1): error C2653: 'Direction': no es un nombre de clase o espacio de nombres
C:\Users\Usuario\Documents\GitHub\Random_map_generation\Exercices\Random map generation unsolved\Random map generation unsolved\random.cpp(202,31): error C2065: 'North': identificador no declarado
C:\Users\Usuario\Documents\GitHub\Random_map_generation\Exercices\Random map generation unsolved\Random map generation unsolved\random.cpp(204,12): error C2065: 'direction': identificador no declarado
C:\Users\Usuario\Documents\GitHub\Random_map_generation\Exercices\Random map generation unsolved\Random map generation unsolved\random.cpp(204,1): error C2653: 'Direction': no es un nombre de clase o espacio de nombres
C:\Users\Usuario\Documents\GitHub\Random_map_generation\Exercices\Random map generation unsolved\Random map generation unsolved\random.cpp(204,36): error C2065: 'East': identificador no declarado
C:\Users\Usuario\Documents\GitHub\Random_map_generation\Exercices\Random map generation unsolved\Random map generation unsolved\random.cpp(206,12): error C2065: 'direction': identificador no declarado
C:\Users\Usuario\Documents\GitHub\Random_map_generation\Exercices\Random map generation unsolved\Random map generation unsolved\random.cpp(206,1): error C2653: 'Direction': no es un nombre de clase o espacio de nombres
C:\Users\Usuario\Documents\GitHub\Random_map_generation\Exercices\Random map generation unsolved\Random map generation unsolved\random.cpp(206,36): error C2065: 'South': identificador no declarado
C:\Users\Usuario\Documents\GitHub\Random_map_generation\Exercices\Random map generation unsolved\Random map generation unsolved\random.cpp(208,12): error C2065: 'direction': identificador no declarado
C:\Users\Usuario\Documents\GitHub\Random_map_generation\Exercices\Random map generation unsolved\Random map generation unsolved\random.cpp(208,1): error C2653: 'Direction': no es un nombre de clase o espacio de nombres
C:\Users\Usuario\Documents\GitHub\Random_map_generation\Exercices\Random map generation unsolved\Random map generation unsolved\random.cpp(208,36): error C2065: 'West': identificador no declarado
C:\Users\Usuario\Documents\GitHub\Random_map_generation\Exercices\Random map generation unsolved\Random map generation unsolved\random.cpp(217,1): error C2653: 'Tile': no es un nombre de clase o espacio de nombres
C:\Users\Usuario\Documents\GitHub\Random_map_generation\Exercices\Random map generation unsolved\Random map generation unsolved\random.cpp(217,50): error C2065: 'Corridor': identificador no declarado
C:\Users\Usuario\Documents\GitHub\Random_map_generation\Exercices\Random map generation unsolved\Random map generation unsolved\random.cpp(236,7): error C2065: 'direction': identificador no declarado
C:\Users\Usuario\Documents\GitHub\Random_map_generation\Exercices\Random map generation unsolved\Random map generation unsolved\random.cpp(236,1): error C2653: 'Direction': no es un nombre de clase o espacio de nombres
C:\Users\Usuario\Documents\GitHub\Random_map_generation\Exercices\Random map generation unsolved\Random map generation unsolved\random.cpp(236,31): error C2065: 'North': identificador no declarado
C:\Users\Usuario\Documents\GitHub\Random_map_generation\Exercices\Random map generation unsolved\Random map generation unsolved\random.cpp(238,17): error C2065: 'yLength': identificador no declarado
C:\Users\Usuario\Documents\GitHub\Random_map_generation\Exercices\Random map generation unsolved\Random map generation unsolved\random.cpp(239,17): error C2065: 'xLength': identificador no declarado
C:\Users\Usuario\Documents\GitHub\Random_map_generation\Exercices\Random map generation unsolved\Random map generation unsolved\random.cpp(240,16): error C2065: 'xLength': identificador no declarado
C:\Users\Usuario\Documents\GitHub\Random_map_generation\Exercices\Random map generation unsolved\Random map generation unsolved\random.cpp(242,12): error C2065: 'direction': identificador no declarado
C:\Users\Usuario\Documents\GitHub\Random_map_generation\Exercices\Random map generation unsolved\Random map generation unsolved\random.cpp(242,1): error C2653: 'Direction': no es un nombre de clase o espacio de nombres
C:\Users\Usuario\Documents\GitHub\Random_map_generation\Exercices\Random map generation unsolved\Random map generation unsolved\random.cpp(242,36): error C2065: 'East': identificador no declarado
C:\Users\Usuario\Documents\GitHub\Random_map_generation\Exercices\Random map generation unsolved\Random map generation unsolved\random.cpp(244,17): error C2065: 'yLength': identificador no declarado
C:\Users\Usuario\Documents\GitHub\Random_map_generation\Exercices\Random map generation unsolved\Random map generation unsolved\random.cpp(245,16): error C2065: 'yLength': identificador no declarado
C:\Users\Usuario\Documents\GitHub\Random_map_generation\Exercices\Random map generation unsolved\Random map generation unsolved\random.cpp(246,15): error C2065: 'xLength': identificador no declarado
C:\Users\Usuario\Documents\GitHub\Random_map_generation\Exercices\Random map generation unsolved\Random map generation unsolved\random.cpp(248,12): error C2065: 'direction': identificador no declarado
C:\Users\Usuario\Documents\GitHub\Random_map_generation\Exercices\Random map generation unsolved\Random map generation unsolved\random.cpp(248,1): error C2653: 'Direction': no es un nombre de clase o espacio de nombres
C:\Users\Usuario\Documents\GitHub\Random_map_generation\Exercices\Random map generation unsolved\Random map generation unsolved\random.cpp(248,36): error C2065: 'South': identificador no declarado
C:\Users\Usuario\Documents\GitHub\Random_map_generation\Exercices\Random map generation unsolved\Random map generation unsolved\random.cpp(250,15): error C2065: 'yLength': identificador no declarado
C:\Users\Usuario\Documents\GitHub\Random_map_generation\Exercices\Random map generation unsolved\Random map generation unsolved\random.cpp(251,17): error C2065: 'xLength': identificador no declarado
C:\Users\Usuario\Documents\GitHub\Random_map_generation\Exercices\Random map generation unsolved\Random map generation unsolved\random.cpp(252,16): error C2065: 'xLength': identificador no declarado
C:\Users\Usuario\Documents\GitHub\Random_map_generation\Exercices\Random map generation unsolved\Random map generation unsolved\random.cpp(254,12): error C2065: 'direction': identificador no declarado
C:\Users\Usuario\Documents\GitHub\Random_map_generation\Exercices\Random map generation unsolved\Random map generation unsolved\random.cpp(254,1): error C2653: 'Direction': no es un nombre de clase o espacio de nombres
C:\Users\Usuario\Documents\GitHub\Random_map_generation\Exercices\Random map generation unsolved\Random map generation unsolved\random.cpp(254,36): error C2065: 'West': identificador no declarado
C:\Users\Usuario\Documents\GitHub\Random_map_generation\Exercices\Random map generation unsolved\Random map generation unsolved\random.cpp(254,1): fatal error C1003: el recuento de errores supera 100; se detiene la compilación
